#
# A fatal error has been detected by the Java Runtime Environment:
#
#  EXCEPTION_ACCESS_VIOLATION (0xc0000005) at pc=0x000000005fd19535, pid=3100, tid=15036
#
# JRE version: Java(TM) SE Runtime Environment (8.0_20-b26) (build 1.8.0_20-b26)
# Java VM: Java HotSpot(TM) 64-Bit Server VM (25.20-b23 mixed mode windows-amd64 compressed oops)
# Problematic frame:
# V  [jvm.dll+0x119535]
#
# Failed to write core dump. Minidumps are not enabled by default on client versions of Windows
#
# If you would like to submit a bug report, please visit:
#   http://bugreport.sun.com/bugreport/crash.jsp
#

---------------  T H R E A D  ---------------

Current thread (0x0000000058449800):  JavaThread "JDWP Transport Listener: dt_socket" daemon [_thread_in_vm, id=15036, stack(0x0000000058f20000,0x0000000059020000)]

siginfo: ExceptionCode=0xc0000005, reading address 0xffffffffffffffff

Registers:
RAX=0x000000005901f301, RBX=0x0000000058449800, RCX=0x617641747865746e, RDX=0x0000000000000000
RSP=0x000000005901f390, RBP=0x617641747865746e, RSI=0x000000005901f4a8, RDI=0x0000000000338ea0
R8 =0x0000000058449800, R9 =0x0000000000000700, R10=0x0000000000000000, R11=0x000005f4007200ef
R12=0x0000000000000000, R13=0x000000005844a6f8, R14=0x0000000000000000, R15=0x0000000000000000
RIP=0x000000005fd19535, EFLAGS=0x0000000000010202

Top of Stack: (sp=0x000000005901f390)
0x000000005901f390:   0000000058449800 0000000058449800
0x000000005901f3a0:   000000005901f458 000000005ff1655b
0x000000005901f3b0:   0000000058449800 000000005ff32dbd
0x000000005901f3c0:   0000000000000000 00000000733e9149
0x000000005901f3d0:   000000005ab6d700 00000000733f2912
0x000000005901f3e0:   0000000058449800 0000000000000000
0x000000005901f3f0:   0000000000000000 0000000000000000
0x000000005901f400:   617641747865746e 00000000733f1a09
0x000000005901f410:   000000005901f4a8 000000005901f480
0x000000005901f420:   0000000000000001 000000005ab6d700
0x000000005901f430:   617641747865746e 00000000733d53b3
0x000000005901f440:   000000005901f570 0000000000000001
0x000000005901f450:   0000000000000001 000000005ab6d700
0x000000005901f460:   0000000000000009 0000000000000000
0x000000005901f470:   0000000000000000 0000000000000000
0x000000005901f480:   0000000000000001 00000000733d5571 

Instructions: (pc=0x000000005fd19535)
0x000000005fd19515:   cc cc cc cc cc cc cc cc cc cc cc 48 83 ec 28 48
0x000000005fd19525:   85 c9 75 07 33 c0 48 83 c4 28 c3 48 89 5c 24 20
0x000000005fd19535:   48 8b 19 48 85 db 74 20 48 83 fb 37 74 1a 48 8b
0x000000005fd19545:   13 48 8b cb ff 52 10 84 c0 74 0d 48 8b c3 48 8b 


Register to memory mapping:

RAX=0x000000005901f301 is pointing into the stack for thread: 0x0000000058449800
RBX=0x0000000058449800 is a thread
RCX=0x617641747865746e is an unknown value
RDX=0x0000000000000000 is an unknown value
RSP=0x000000005901f390 is pointing into the stack for thread: 0x0000000058449800
RBP=0x617641747865746e is an unknown value
RSI=0x000000005901f4a8 is pointing into the stack for thread: 0x0000000058449800
RDI=0x0000000000338ea0 is an unknown value
R8 =0x0000000058449800 is a thread
R9 =0x0000000000000700 is an unknown value
R10=0x0000000000000000 is an unknown value
R11=0x000005f4007200ef is an unknown value
R12=0x0000000000000000 is an unknown value
R13=0x000000005844a6f8 is an unknown value
R14=0x0000000000000000 is an unknown value
R15=0x0000000000000000 is an unknown value


Stack: [0x0000000058f20000,0x0000000059020000],  sp=0x000000005901f390,  free space=1020k
Native frames: (J=compiled Java code, j=interpreted, Vv=VM code, C=native code)
V  [jvm.dll+0x119535]
V  [jvm.dll+0x332dbd]
C  [jdwp.dll+0x21a09]
C  [jdwp.dll+0x53b3]
C  [jdwp.dll+0x5571]
C  [jdwp.dll+0xf09c]
C  [jdwp.dll+0x1f2c9]
C  [jdwp.dll+0x1f49e]
V  [jvm.dll+0x1aaa18]
V  [jvm.dll+0x22aac4]
V  [jvm.dll+0x283f5a]
C  [msvcr100.dll+0x21d9f]
C  [msvcr100.dll+0x21e3b]
C  [kernel32.dll+0x159cd]
C  [ntdll.dll+0x2a561]


---------------  P R O C E S S  ---------------

Java Threads: ( => current thread )
  0x000000005a5f4800 JavaThread "pool-2-thread-1" daemon [_thread_blocked, id=15256, stack(0x000000005fab0000,0x000000005fbb0000)]
  0x000000005c88d800 JavaThread "cluster-ClusterId{value='58457a510827490c1c23a778', description='null'}-127.0.0.1:27017" daemon [_thread_blocked, id=16420, stack(0x00000000614a0000,0x00000000615a0000)]
  0x000000005c0f7800 JavaThread "Scheduler-269244031" [_thread_blocked, id=5360, stack(0x000000005ef50000,0x000000005f050000)]
  0x0000000001dce000 JavaThread "DestroyJavaVM" [_thread_blocked, id=15592, stack(0x0000000002160000,0x0000000002260000)]
  0x000000005c556000 JavaThread "org.eclipse.jetty.server.session.HashSessionManager@3e15bb06Timer" daemon [_thread_blocked, id=460, stack(0x000000005ebe0000,0x000000005ece0000)]
  0x000000005c226800 JavaThread "qtp1722645488-22" [_thread_blocked, id=14668, stack(0x000000005e720000,0x000000005e820000)]
  0x000000005c225000 JavaThread "qtp1722645488-21" [_thread_in_native, id=17108, stack(0x000000005e880000,0x000000005e980000)]
  0x000000005c222000 JavaThread "qtp1722645488-20" [_thread_blocked, id=18420, stack(0x000000005e620000,0x000000005e720000)]
  0x000000005bd37000 JavaThread "qtp1722645488-19" [_thread_blocked, id=7788, stack(0x000000005e470000,0x000000005e570000)]
  0x000000005bd35000 JavaThread "qtp1722645488-18" [_thread_in_native, id=4028, stack(0x000000005e2c0000,0x000000005e3c0000)]
  0x000000005bd34800 JavaThread "qtp1722645488-17-acceptor-0@2e8a0647-ServerConnector@2b4d4327{HTTP/1.1,[http/1.1]}{0.0.0.0:8080}" [_thread_in_native, id=16212, stack(0x000000005b2d0000,0x000000005b3d0000)]
  0x000000005ab6a000 JavaThread "qtp1722645488-16" [_thread_blocked, id=17044, stack(0x000000005ca20000,0x000000005cb20000)]
  0x000000005ab67000 JavaThread "qtp1722645488-15" [_thread_blocked, id=6108, stack(0x0000000059140000,0x0000000059240000)]
  0x00000000584f3000 JavaThread "Service Thread" daemon [_thread_blocked, id=16776, stack(0x00000000593c0000,0x00000000594c0000)]
  0x0000000058478800 JavaThread "C1 CompilerThread2" daemon [_thread_blocked, id=16376, stack(0x0000000059620000,0x0000000059720000)]
  0x0000000058466800 JavaThread "C2 CompilerThread1" daemon [_thread_blocked, id=17400, stack(0x0000000059510000,0x0000000059610000)]
  0x0000000058465800 JavaThread "C2 CompilerThread0" daemon [_thread_blocked, id=6476, stack(0x00000000592a0000,0x00000000593a0000)]
  0x0000000058464800 JavaThread "JDWP Command Reader" daemon [_thread_in_native, id=16368, stack(0x0000000058cf0000,0x0000000058df0000)]
  0x0000000058459800 JavaThread "JDWP Event Helper Thread" daemon [_thread_blocked, id=6604, stack(0x0000000059040000,0x0000000059140000)]
=>0x0000000058449800 JavaThread "JDWP Transport Listener: dt_socket" daemon [_thread_in_vm, id=15036, stack(0x0000000058f20000,0x0000000059020000)]
  0x0000000058440800 JavaThread "Attach Listener" daemon [_thread_blocked, id=7148, stack(0x00000000589d0000,0x0000000058ad0000)]
  0x0000000056e6d000 JavaThread "Signal Dispatcher" daemon [_thread_blocked, id=17664, stack(0x00000000580c0000,0x00000000581c0000)]
  0x0000000056e0b000 JavaThread "Finalizer" daemon [_thread_blocked, id=10756, stack(0x0000000058340000,0x0000000058440000)]
  0x0000000056e01800 JavaThread "Reference Handler" daemon [_thread_blocked, id=4020, stack(0x0000000058220000,0x0000000058320000)]

Other Threads:
  0x0000000056dfc000 VMThread [stack: 0x0000000057f30000,0x0000000058030000] [id=8460]
  0x00000000584fd000 WatcherThread [stack: 0x00000000597b0000,0x00000000598b0000] [id=3748]

VM state:not at safepoint (normal execution)

VM Mutex/Monitor currently owned by a thread: None

Heap:
 PSYoungGen      total 209920K, used 12021K [0x00000000d7180000, 0x00000000e5280000, 0x0000000100000000)
  eden space 198144K, 6% used [0x00000000d7180000,0x00000000d7d3d418,0x00000000e3300000)
  from space 11776K, 0% used [0x00000000e4700000,0x00000000e4700000,0x00000000e5280000)
  to   space 13824K, 0% used [0x00000000e3780000,0x00000000e3780000,0x00000000e4500000)
 ParOldGen       total 82432K, used 19015K [0x0000000085400000, 0x000000008a480000, 0x00000000d7180000)
  object space 82432K, 23% used [0x0000000085400000,0x0000000086691c28,0x000000008a480000)
 Metaspace       used 35944K, capacity 36292K, committed 36648K, reserved 1081344K
  class space    used 4542K, capacity 4640K, committed 4648K, reserved 1048576K

Card table byte_map: [0x00000000118f0000,0x0000000011cd0000] byte_map_base: 0x00000000114c6000

Marking Bits: (ParMarkBitMap*) 0x00000000603db460
 Begin Bits: [0x0000000012330000, 0x00000000141e0000)
 End Bits:   [0x00000000141e0000, 0x0000000016090000)

Polling page: 0x0000000000300000

CodeCache: size=245760Kb used=11806Kb max_used=12764Kb free=233953Kb
 bounds [0x0000000002530000, 0x00000000031d0000, 0x0000000011530000]
 total_blobs=3609 nmethods=3140 adapters=390
 compilation: enabled

Compilation events (10 events):
Event: 76.407 Thread 0x0000000058478800 3630       3       org.bson.AbstractBsonReader::readName (53 bytes)
Event: 76.408 Thread 0x0000000058478800 nmethod 3630 0x000000000297b4d0 code [0x000000000297b660, 0x000000000297bb98]
Event: 76.871 Thread 0x0000000058478800 3631       3       sun.misc.Unsafe::getAndAddInt (27 bytes)
Event: 76.871 Thread 0x0000000058478800 nmethod 3631 0x000000000290a010 code [0x000000000290a180, 0x000000000290a390]
Event: 86.410 Thread 0x0000000058478800 3632       3       org.bson.codecs.configuration.ProvidersCodecRegistry::get (104 bytes)
Event: 86.413 Thread 0x0000000058478800 nmethod 3632 0x00000000026c9f90 code [0x00000000026ca200, 0x00000000026cb258]
Event: 86.413 Thread 0x0000000058478800 3633       3       org.bson.codecs.configuration.CodecCache::containsKey (11 bytes)
Event: 86.413 Thread 0x0000000058478800 nmethod 3633 0x000000000306fc50 code [0x000000000306fdc0, 0x000000000306ffe8]
Event: 86.413 Thread 0x0000000058478800 3634       3       org.bson.AbstractBsonReader::getNextState (79 bytes)
Event: 86.416 Thread 0x0000000058478800 nmethod 3634 0x000000000272a650 code [0x000000000272a8a0, 0x000000000272b798]

GC Heap History (10 events):
Event: 3.632 GC heap before
{Heap before GC invocations=6 (full 0):
 PSYoungGen      total 68608K, used 15753K [0x00000000d7180000, 0x00000000e0280000, 0x0000000100000000)
  eden space 63488K, 16% used [0x00000000d7180000,0x00000000d7be4558,0x00000000daf80000)
  from space 5120K, 99% used [0x00000000daf80000,0x00000000db47ded8,0x00000000db480000)
  to   space 10752K, 0% used [0x00000000df800000,0x00000000df800000,0x00000000e0280000)
 ParOldGen       total 84992K, used 12855K [0x0000000085400000, 0x000000008a700000, 0x00000000d7180000)
  object space 84992K, 15% used [0x0000000085400000,0x000000008608dfa0,0x000000008a700000)
 Metaspace       used 20961K, capacity 21102K, committed 21296K, reserved 1069056K
  class space    used 2561K, capacity 2616K, committed 2688K, reserved 1048576K
Event: 3.661 GC heap after
Heap after GC invocations=6 (full 0):
 PSYoungGen      total 137728K, used 6074K [0x00000000d7180000, 0x00000000e0280000, 0x0000000100000000)
  eden space 126976K, 0% used [0x00000000d7180000,0x00000000d7180000,0x00000000ded80000)
  from space 10752K, 56% used [0x00000000df800000,0x00000000dfdeebe0,0x00000000e0280000)
  to   space 10752K, 0% used [0x00000000ded80000,0x00000000ded80000,0x00000000df800000)
 ParOldGen       total 84992K, used 12863K [0x0000000085400000, 0x000000008a700000, 0x00000000d7180000)
  object space 84992K, 15% used [0x0000000085400000,0x000000008608ffa0,0x000000008a700000)
 Metaspace       used 20961K, capacity 21102K, committed 21296K, reserved 1069056K
  class space    used 2561K, capacity 2616K, committed 2688K, reserved 1048576K
}
Event: 3.661 GC heap before
{Heap before GC invocations=7 (full 1):
 PSYoungGen      total 137728K, used 6074K [0x00000000d7180000, 0x00000000e0280000, 0x0000000100000000)
  eden space 126976K, 0% used [0x00000000d7180000,0x00000000d7180000,0x00000000ded80000)
  from space 10752K, 56% used [0x00000000df800000,0x00000000dfdeebe0,0x00000000e0280000)
  to   space 10752K, 0% used [0x00000000ded80000,0x00000000ded80000,0x00000000df800000)
 ParOldGen       total 84992K, used 12863K [0x0000000085400000, 0x000000008a700000, 0x00000000d7180000)
  object space 84992K, 15% used [0x0000000085400000,0x000000008608ffa0,0x000000008a700000)
 Metaspace       used 20961K, capacity 21102K, committed 21296K, reserved 1069056K
  class space    used 2561K, capacity 2616K, committed 2688K, reserved 1048576K
Event: 3.761 GC heap after
Heap after GC invocations=7 (full 1):
 PSYoungGen      total 137728K, used 0K [0x00000000d7180000, 0x00000000e0280000, 0x0000000100000000)
  eden space 126976K, 0% used [0x00000000d7180000,0x00000000d7180000,0x00000000ded80000)
  from space 10752K, 0% used [0x00000000df800000,0x00000000df800000,0x00000000e0280000)
  to   space 10752K, 0% used [0x00000000ded80000,0x00000000ded80000,0x00000000df800000)
 ParOldGen       total 59392K, used 10950K [0x0000000085400000, 0x0000000088e00000, 0x00000000d7180000)
  object space 59392K, 18% used [0x0000000085400000,0x0000000085eb1a08,0x0000000088e00000)
 Metaspace       used 20960K, capacity 21100K, committed 21296K, reserved 1069056K
  class space    used 2560K, capacity 2615K, committed 2688K, reserved 1048576K
}
Event: 6.202 GC heap before
{Heap before GC invocations=8 (full 1):
 PSYoungGen      total 137728K, used 126976K [0x00000000d7180000, 0x00000000e0280000, 0x0000000100000000)
  eden space 126976K, 100% used [0x00000000d7180000,0x00000000ded80000,0x00000000ded80000)
  from space 10752K, 0% used [0x00000000df800000,0x00000000df800000,0x00000000e0280000)
  to   space 10752K, 0% used [0x00000000ded80000,0x00000000ded80000,0x00000000df800000)
 ParOldGen       total 59392K, used 10950K [0x0000000085400000, 0x0000000088e00000, 0x00000000d7180000)
  object space 59392K, 18% used [0x0000000085400000,0x0000000085eb1a08,0x0000000088e00000)
 Metaspace       used 28711K, capacity 29086K, committed 29312K, reserved 1075200K
  class space    used 3543K, capacity 3625K, committed 3712K, reserved 1048576K
Event: 6.238 GC heap after
Heap after GC invocations=8 (full 1):
 PSYoungGen      total 137728K, used 10750K [0x00000000d7180000, 0x00000000e5380000, 0x0000000100000000)
  eden space 126976K, 0% used [0x00000000d7180000,0x00000000d7180000,0x00000000ded80000)
  from space 10752K, 99% used [0x00000000ded80000,0x00000000df7ff9b8,0x00000000df800000)
  to   space 12800K, 0% used [0x00000000e4700000,0x00000000e4700000,0x00000000e5380000)
 ParOldGen       total 59392K, used 12355K [0x0000000085400000, 0x0000000088e00000, 0x00000000d7180000)
  object space 59392K, 20% used [0x0000000085400000,0x0000000086010e78,0x0000000088e00000)
 Metaspace       used 28711K, capacity 29086K, committed 29312K, reserved 1075200K
  class space    used 3543K, capacity 3625K, committed 3712K, reserved 1048576K
}
Event: 16.572 GC heap before
{Heap before GC invocations=9 (full 1):
 PSYoungGen      total 137728K, used 74881K [0x00000000d7180000, 0x00000000e5380000, 0x0000000100000000)
  eden space 126976K, 50% used [0x00000000d7180000,0x00000000db020d30,0x00000000ded80000)
  from space 10752K, 99% used [0x00000000ded80000,0x00000000df7ff9b8,0x00000000df800000)
  to   space 12800K, 0% used [0x00000000e4700000,0x00000000e4700000,0x00000000e5380000)
 ParOldGen       total 59392K, used 12355K [0x0000000085400000, 0x0000000088e00000, 0x00000000d7180000)
  object space 59392K, 20% used [0x0000000085400000,0x0000000086010e78,0x0000000088e00000)
 Metaspace       used 35046K, capacity 35356K, committed 35496K, reserved 1081344K
  class space    used 4430K, capacity 4496K, committed 4520K, reserved 1048576K
Event: 16.605 GC heap after
Heap after GC invocations=9 (full 1):
 PSYoungGen      total 209920K, used 11718K [0x00000000d7180000, 0x00000000e5280000, 0x0000000100000000)
  eden space 198144K, 0% used [0x00000000d7180000,0x00000000d7180000,0x00000000e3300000)
  from space 11776K, 99% used [0x00000000e4700000,0x00000000e52718c8,0x00000000e5280000)
  to   space 13824K, 0% used [0x00000000e3780000,0x00000000e3780000,0x00000000e4500000)
 ParOldGen       total 59392K, used 12363K [0x0000000085400000, 0x0000000088e00000, 0x00000000d7180000)
  object space 59392K, 20% used [0x0000000085400000,0x0000000086012e78,0x0000000088e00000)
 Metaspace       used 35046K, capacity 35356K, committed 35496K, reserved 1081344K
  class space    used 4430K, capacity 4496K, committed 4520K, reserved 1048576K
}
Event: 16.605 GC heap before
{Heap before GC invocations=10 (full 2):
 PSYoungGen      total 209920K, used 11718K [0x00000000d7180000, 0x00000000e5280000, 0x0000000100000000)
  eden space 198144K, 0% used [0x00000000d7180000,0x00000000d7180000,0x00000000e3300000)
  from space 11776K, 99% used [0x00000000e4700000,0x00000000e52718c8,0x00000000e5280000)
  to   space 13824K, 0% used [0x00000000e3780000,0x00000000e3780000,0x00000000e4500000)
 ParOldGen       total 59392K, used 12363K [0x0000000085400000, 0x0000000088e00000, 0x00000000d7180000)
  object space 59392K, 20% used [0x0000000085400000,0x0000000086012e78,0x0000000088e00000)
 Metaspace       used 35046K, capacity 35356K, committed 35496K, reserved 1081344K
  class space    used 4430K, capacity 4496K, committed 4520K, reserved 1048576K
Event: 16.736 GC heap after
Heap after GC invocations=10 (full 2):
 PSYoungGen      total 209920K, used 0K [0x00000000d7180000, 0x00000000e5280000, 0x0000000100000000)
  eden space 198144K, 0% used [0x00000000d7180000,0x00000000d7180000,0x00000000e3300000)
  from space 11776K, 0% used [0x00000000e4700000,0x00000000e4700000,0x00000000e5280000)
  to   space 13824K, 0% used [0x00000000e3780000,0x00000000e3780000,0x00000000e4500000)
 ParOldGen       total 82432K, used 19015K [0x0000000085400000, 0x000000008a480000, 0x00000000d7180000)
  object space 82432K, 23% used [0x0000000085400000,0x0000000086691c28,0x000000008a480000)
 Metaspace       used 35046K, capacity 35356K, committed 35496K, reserved 1081344K
  class space    used 4430K, capacity 4496K, committed 4520K, reserved 1048576K
}

Deoptimization events (10 events):
Event: 16.805 Thread 0x000000005ab6a000 Uncommon trap: reason=range_check action=none pc=0x0000000002751bcc method=sun.reflect.generics.parser.SignatureParser.current()C @ 34
Event: 16.805 Thread 0x000000005ab6a000 Uncommon trap: reason=range_check action=none pc=0x0000000002751bcc method=sun.reflect.generics.parser.SignatureParser.current()C @ 34
Event: 16.806 Thread 0x000000005ab6a000 Uncommon trap: reason=range_check action=none pc=0x0000000002751bcc method=sun.reflect.generics.parser.SignatureParser.current()C @ 34
Event: 16.807 Thread 0x000000005ab6a000 Uncommon trap: reason=class_check action=maybe_recompile pc=0x0000000002927bd4 method=java.util.concurrent.ConcurrentHashMap.putVal(Ljava/lang/Object;Ljava/lang/Object;Z)Ljava/lang/Object; @ 192
Event: 16.807 Thread 0x000000005ab6a000 Uncommon trap: reason=class_check action=maybe_recompile pc=0x0000000002927bd4 method=java.util.concurrent.ConcurrentHashMap.putVal(Ljava/lang/Object;Ljava/lang/Object;Z)Ljava/lang/Object; @ 192
Event: 16.807 Thread 0x000000005ab6a000 Uncommon trap: reason=class_check action=maybe_recompile pc=0x0000000002927bd4 method=java.util.concurrent.ConcurrentHashMap.putVal(Ljava/lang/Object;Ljava/lang/Object;Z)Ljava/lang/Object; @ 192
Event: 16.823 Thread 0x000000005ab6a000 Uncommon trap: reason=range_check action=none pc=0x0000000002751bcc method=sun.reflect.generics.parser.SignatureParser.current()C @ 34
Event: 16.823 Thread 0x000000005ab6a000 Uncommon trap: reason=range_check action=none pc=0x0000000002751bcc method=sun.reflect.generics.parser.SignatureParser.current()C @ 34
Event: 16.850 Thread 0x000000005ab6a000 Uncommon trap: reason=range_check action=none pc=0x0000000002751bcc method=sun.reflect.generics.parser.SignatureParser.current()C @ 34
Event: 16.857 Thread 0x000000005ab6a000 Uncommon trap: reason=range_check action=none pc=0x0000000002751bcc method=sun.reflect.generics.parser.SignatureParser.current()C @ 34

Internal exceptions (10 events):
Event: 16.864 Thread 0x000000005ab6a000 Exception <a 'java/security/PrivilegedActionException'> (0x00000000d7618640) thrown at [D:\re\workspace\8-2-build-windows-amd64-cygwin\jdk8u20\1074\hotspot\src\share\vm\prims\jvm.cpp, line 1275]
Event: 16.864 Thread 0x000000005ab6a000 Exception <a 'java/security/PrivilegedActionException'> (0x00000000d7620180) thrown at [D:\re\workspace\8-2-build-windows-amd64-cygwin\jdk8u20\1074\hotspot\src\share\vm\prims\jvm.cpp, line 1275]
Event: 16.865 Thread 0x000000005ab6a000 Exception <a 'java/security/PrivilegedActionException'> (0x00000000d7628790) thrown at [D:\re\workspace\8-2-build-windows-amd64-cygwin\jdk8u20\1074\hotspot\src\share\vm\prims\jvm.cpp, line 1275]
Event: 16.865 Thread 0x000000005ab6a000 Exception <a 'java/security/PrivilegedActionException'> (0x00000000d7631570) thrown at [D:\re\workspace\8-2-build-windows-amd64-cygwin\jdk8u20\1074\hotspot\src\share\vm\prims\jvm.cpp, line 1275]
Event: 16.866 Thread 0x000000005ab6a000 Exception <a 'java/security/PrivilegedActionException'> (0x00000000d763a3e0) thrown at [D:\re\workspace\8-2-build-windows-amd64-cygwin\jdk8u20\1074\hotspot\src\share\vm\prims\jvm.cpp, line 1275]
Event: 16.867 Thread 0x000000005ab6a000 Exception <a 'java/security/PrivilegedActionException'> (0x00000000d7642f48) thrown at [D:\re\workspace\8-2-build-windows-amd64-cygwin\jdk8u20\1074\hotspot\src\share\vm\prims\jvm.cpp, line 1275]
Event: 16.867 Thread 0x000000005ab6a000 Exception <a 'java/security/PrivilegedActionException'> (0x00000000d764d200) thrown at [D:\re\workspace\8-2-build-windows-amd64-cygwin\jdk8u20\1074\hotspot\src\share\vm\prims\jvm.cpp, line 1275]
Event: 16.870 Thread 0x000000005ab6a000 Exception <a 'java/security/PrivilegedActionException'> (0x00000000d76578f8) thrown at [D:\re\workspace\8-2-build-windows-amd64-cygwin\jdk8u20\1074\hotspot\src\share\vm\prims\jvm.cpp, line 1275]
Event: 46.866 Thread 0x000000005c0f7800 Exception <a 'java/security/PrivilegedActionException'> (0x00000000d7a03ef8) thrown at [D:\re\workspace\8-2-build-windows-amd64-cygwin\jdk8u20\1074\hotspot\src\share\vm\prims\jvm.cpp, line 1275]
Event: 76.869 Thread 0x000000005c0f7800 Exception <a 'java/security/PrivilegedActionException'> (0x00000000d7a0b878) thrown at [D:\re\workspace\8-2-build-windows-amd64-cygwin\jdk8u20\1074\hotspot\src\share\vm\prims\jvm.cpp, line 1275]

Events (10 events):
Event: 76.869 Thread 0x000000005c0f7800 DEOPT PACKING pc=0x0000000002d4ec79 sp=0x000000005f04ca40
Event: 76.869 Thread 0x000000005c0f7800 DEOPT UNPACKING pc=0x00000000025775bf sp=0x000000005f04c7b0 mode 1
Event: 76.869 Thread 0x000000005c0f7800 DEOPT PACKING pc=0x00000000027cca04 sp=0x000000005f04cae0
Event: 76.869 Thread 0x000000005c0f7800 DEOPT UNPACKING pc=0x00000000025775bf sp=0x000000005f04c810 mode 1
Event: 76.869 Thread 0x000000005c0f7800 DEOPT PACKING pc=0x0000000002d53b1c sp=0x000000005f04d6c0
Event: 76.869 Thread 0x000000005c0f7800 DEOPT UNPACKING pc=0x00000000025775bf sp=0x000000005f04d308 mode 1
Event: 85.167 Executing VM operation: RedefineClasses
Event: 85.202 Executing VM operation: RedefineClasses done
Event: 92.364 Executing VM operation: RedefineClasses
Event: 92.388 Executing VM operation: RedefineClasses done


Dynamic libraries:
0x000000013f0b0000 - 0x000000013f0e4000 	D:\Home\Apps\Java\jdk-1.8-64\bin\javaw.exe
0x0000000077730000 - 0x00000000778da000 	C:\WINDOWS\SYSTEM32\ntdll.dll
0x0000000077610000 - 0x000000007772f000 	C:\WINDOWS\system32\kernel32.dll
0x000007fefd5c0000 - 0x000007fefd62a000 	C:\WINDOWS\system32\KERNELBASE.dll
0x000007feff850000 - 0x000007feff92b000 	C:\WINDOWS\system32\ADVAPI32.dll
0x000007fefefa0000 - 0x000007feff03f000 	C:\WINDOWS\system32\msvcrt.dll
0x000007feff380000 - 0x000007feff39f000 	C:\WINDOWS\SYSTEM32\sechost.dll
0x000007feff250000 - 0x000007feff37d000 	C:\WINDOWS\system32\RPCRT4.dll
0x0000000077510000 - 0x000000007760a000 	C:\WINDOWS\system32\USER32.dll
0x000007fefdab0000 - 0x000007fefdb17000 	C:\WINDOWS\system32\GDI32.dll
0x000007feff7e0000 - 0x000007feff7ee000 	C:\WINDOWS\system32\LPK.dll
0x000007fefd9e0000 - 0x000007fefdaaa000 	C:\WINDOWS\system32\USP10.dll
0x000007fefb7c0000 - 0x000007fefb9b4000 	C:\WINDOWS\WinSxS\amd64_microsoft.windows.common-controls_6595b64144ccf1df_6.0.7601.18837_none_fa3b1e3d17594757\COMCTL32.dll
0x000007feff410000 - 0x000007feff481000 	C:\WINDOWS\system32\SHLWAPI.dll
0x000007fefd820000 - 0x000007fefd84e000 	C:\WINDOWS\system32\IMM32.DLL
0x000007feff930000 - 0x000007feffa39000 	C:\WINDOWS\system32\MSCTF.dll
0x0000000072920000 - 0x00000000729f2000 	D:\Home\Apps\Java\jdk-1.8-64\jre\bin\msvcr100.dll
0x000000005fc00000 - 0x0000000060458000 	D:\Home\Apps\Java\jdk-1.8-64\jre\bin\server\jvm.dll
0x000007fef84d0000 - 0x000007fef84d9000 	C:\WINDOWS\system32\WSOCK32.dll
0x000007feff3a0000 - 0x000007feff3ed000 	C:\WINDOWS\system32\WS2_32.dll
0x000007fefd9d0000 - 0x000007fefd9d8000 	C:\WINDOWS\system32\NSI.dll
0x000007fefad80000 - 0x000007fefadbb000 	C:\WINDOWS\system32\WINMM.dll
0x0000000077900000 - 0x0000000077907000 	C:\WINDOWS\system32\PSAPI.DLL
0x0000000064be0000 - 0x0000000064bef000 	D:\Home\Apps\Java\jdk-1.8-64\jre\bin\verify.dll
0x0000000064bb0000 - 0x0000000064bd8000 	D:\Home\Apps\Java\jdk-1.8-64\jre\bin\java.dll
0x00000000733d0000 - 0x0000000073405000 	D:\Home\Apps\Java\jdk-1.8-64\jre\bin\jdwp.dll
0x0000000073bc0000 - 0x0000000073bc8000 	D:\Home\Apps\Java\jdk-1.8-64\jre\bin\npt.dll
0x0000000064a00000 - 0x0000000064a16000 	D:\Home\Apps\Java\jdk-1.8-64\jre\bin\zip.dll
0x000007fefe210000 - 0x000007fefef9a000 	C:\WINDOWS\system32\SHELL32.dll
0x000007feff040000 - 0x000007feff243000 	C:\WINDOWS\system32\ole32.dll
0x000007fefd460000 - 0x000007fefd46f000 	C:\WINDOWS\system32\profapi.dll
0x0000000073bf0000 - 0x0000000073bf9000 	D:\Home\Apps\Java\jdk-1.8-64\jre\bin\dt_socket.dll
0x000007fefad60000 - 0x000007fefad75000 	C:\WINDOWS\system32\NLAapi.dll
0x000007fef9380000 - 0x000007fef9395000 	C:\WINDOWS\system32\napinsp.dll
0x000007fef93a0000 - 0x000007fef93b9000 	C:\WINDOWS\system32\pnrpnsp.dll
0x000007fefc7e0000 - 0x000007fefc835000 	C:\WINDOWS\System32\mswsock.dll
0x000007fefc380000 - 0x000007fefc3db000 	C:\WINDOWS\system32\DNSAPI.dll
0x000007fef9360000 - 0x000007fef936b000 	C:\WINDOWS\System32\winrnr.dll
0x000007fefa5b0000 - 0x000007fefa5d7000 	C:\WINDOWS\system32\IPHLPAPI.DLL
0x000007fefa5a0000 - 0x000007fefa5ab000 	C:\WINDOWS\system32\WINNSI.DLL
0x000007fef9ee0000 - 0x000007fef9f33000 	C:\WINDOWS\System32\fwpuclnt.dll
0x000007fef9370000 - 0x000007fef9378000 	C:\WINDOWS\system32\rasadhlp.dll
0x000007fefbf50000 - 0x000007fefbf57000 	C:\WINDOWS\System32\wshtcpip.dll
0x0000000073ad0000 - 0x0000000073add000 	D:\Home\Apps\Java\jdk-1.8-64\jre\bin\management.dll
0x00000000649e0000 - 0x00000000649fa000 	D:\Home\Apps\Java\jdk-1.8-64\jre\bin\net.dll
0x000007fefc7d0000 - 0x000007fefc7d7000 	C:\WINDOWS\System32\wship6.dll
0x000007fefc840000 - 0x000007fefc858000 	C:\WINDOWS\system32\CRYPTSP.dll
0x000007fefc290000 - 0x000007fefc2d7000 	C:\WINDOWS\system32\rsaenh.dll
0x000007fefd5a0000 - 0x000007fefd5be000 	C:\WINDOWS\system32\USERENV.dll
0x000007fefd300000 - 0x000007fefd30f000 	C:\WINDOWS\system32\CRYPTBASE.dll
0x000007fef9c80000 - 0x000007fef9c91000 	C:\WINDOWS\system32\dhcpcsvc6.DLL
0x000007fef9c60000 - 0x000007fef9c78000 	C:\WINDOWS\system32\dhcpcsvc.DLL
0x0000000061cf0000 - 0x0000000061d01000 	D:\Home\Apps\Java\jdk-1.8-64\jre\bin\nio.dll
0x000000006fd10000 - 0x000000006fd34000 	D:\Home\Apps\Java\jdk-1.8-64\jre\bin\sunec.dll
0x000007fef8990000 - 0x000007fef8ab5000 	C:\WINDOWS\system32\dbghelp.dll

VM Arguments:
jvm_args: -agentlib:jdwp=transport=dt_socket,suspend=y,address=localhost:64060 -Dfile.encoding=Cp1252 
java_command: services.Application
java_class_path (initial): D:\Home\mpiccoli\Dev\Workspace\Workspace-Eclipse-Neon-MyCareer-BackEnd\mycareer-rest-api\bin;D:\Profiles\mpiccoli\.gradle\caches\modules-2\files-2.1\org.springframework.boot\spring-boot-starter-web\1.4.1.RELEASE\6af87c0c2dd9d82d21cd6061d5c168ef0e07f130\spring-boot-starter-web-1.4.1.RELEASE.jar;D:\Profiles\mpiccoli\.gradle\caches\modules-2\files-2.1\org.springframework.boot\spring-boot-starter-jetty\1.4.1.RELEASE\2e041740bd053f4cb7a3eb78c32741e8f069832e\spring-boot-starter-jetty-1.4.1.RELEASE.jar;D:\Profiles\mpiccoli\.gradle\caches\modules-2\files-2.1\com.google.code.gson\gson\2.7\751f548c85fa49f330cecbb1875893f971b33c4e\gson-2.7.jar;D:\Profiles\mpiccoli\.gradle\caches\modules-2\files-2.1\org.mongodb.morphia\morphia\1.2.1\3893686aa70399924dd0e50211667e270798143e\morphia-1.2.1.jar;D:\Profiles\mpiccoli\.gradle\caches\modules-2\files-2.1\javax.mail\mail\1.5.0-b01\c128515e42609622ce3f7dc0b431026d80bdb688\mail-1.5.0-b01.jar;D:\Profiles\mpiccoli\.gradle\caches\modules-2\files-2.1\com.microsoft.ews-java-api\ews-java-api\2.0\6f76a4ad706b5aa6534a48ea098b257de6b47627\ews-java-api-2.0.jar;D:\Profiles\mpiccoli\.gradle\caches\modules-2\files-2.1\org.jsoup\jsoup\1.7.2\d7e275ba05aa380ca254f72d0c0ffebaedc3adcf\jsoup-1.7.2.jar;D:\Profiles\mpiccoli\.gradle\caches\modules-2\files-2.1\org.apache.logging.log4j\log4j-api\2.7\8de00e382a817981b737be84cb8def687d392963\log4j-api-2.7.jar;D:\Profiles\mpiccoli\.gradle\caches\modules-2\files-2.1\junit\junit\4.12\2973d150c0dc1fefe998f834810d68f278ea58ec\junit-4.12.jar;D:\Profiles\mpiccoli\.gradle\caches\modules-2\files-2.1\org.springframework.boot\spring-boot-starter\1.4.1.RELEASE\cfdfe0e4903dd398d15ae9a4aab4cc47d91d379f\spring-boot-starter-1.4.1.RELEASE.jar;D:\Profiles\mpiccoli\.gradle\caches\modules-2\files-2.1\org.hibernate\hibernate-validator\5.2.4.Final\fb18766b576aa6632bcfe9a20a023cbd52bf9769\hibernate-validator-5.2.4.Final.jar;D:\Profiles\mpiccoli\.gradle\caches\modules-2\files-2.1\com.fasterxml.jackson.core\jac
Launcher Type: SUN_STANDARD

Environment Variables:
JAVA_HOME=D:\Home\Apps\Java\jdk-1.8-64
PATH=D:\Home\Apps\Java\jdk-1.8-64\jre\bin;D:/Home/Apps/Java/jdk-1.8-64/bin/../jre/bin/server;D:/Home/Apps/Java/jdk-1.8-64/bin/../jre/bin;D:/Home/Apps/Java/jdk-1.8-64/bin/../jre/lib/amd64;C:\WINDOWS\system32;C:\WINDOWS;C:\WINDOWS\System32\Wbem;C:\WINDOWS\System32\WindowsPowerShell\v1.0\;C:\Program Files (x86)\Common Files\Check Point\UIFramework 3.0\Bin\;C:\Program Files (x86)\CheckPoint\Endpoint Security\Endpoint Common\bin;D:\Home\Apps\Java\jdk-1.8-64\bin;D:\Home\Apps\Putty\;D:\Home\Apps\Git\cmd;D:\Home\Apps\Gradle\gradle-3.1\bin;D:\Home\Apps\Apache\Maven\maven-3.3.9\bin;D:\Home\mpiccoli\Commands;D:\Home\Apps\MongoDB\3.2\bin;d:\Profiles\mpiccoli\AppData\Local\atom\bin;D:\Home\mpiccoli\Commands;d:\Profiles\mpiccoli\Desktop;
USERNAME=mpiccoli
OS=Windows_NT
PROCESSOR_IDENTIFIER=Intel64 Family 6 Model 78 Stepping 3, GenuineIntel



---------------  S Y S T E M  ---------------

OS: Windows 7 , 64 bit Build 7601 Service Pack 1

CPU:total 4 (2 cores per cpu, 2 threads per core) family 6 model 78 stepping 3, cmov, cx8, fxsr, mmx, sse, sse2, sse3, ssse3, sse4.1, sse4.2, popcnt, avx, avx2, aes, clmul, erms, rtm, lzcnt, ht, tsc, tscinvbit, bmi1, bmi2

Memory: 4k page, physical 8036904k(2134904k free), swap 16071948k(8082824k free)

vm_info: Java HotSpot(TM) 64-Bit Server VM (25.20-b23) for windows-amd64 JRE (1.8.0_20-b26), built on Jul 30 2014 13:51:23 by "java_re" with MS VC++ 10.0 (VS2010)

time: Mon Dec 05 14:33:01 2016
elapsed time: 92 seconds (0d 0h 1m 32s)

