#
# A fatal error has been detected by the Java Runtime Environment:
#
#  EXCEPTION_ACCESS_VIOLATION (0xc0000005) at pc=0x000000005fd19535, pid=3308, tid=18228
#
# JRE version: Java(TM) SE Runtime Environment (8.0_20-b26) (build 1.8.0_20-b26)
# Java VM: Java HotSpot(TM) 64-Bit Server VM (25.20-b23 mixed mode windows-amd64 compressed oops)
# Problematic frame:
# V  [jvm.dll+0x119535]
#
# Failed to write core dump. Minidumps are not enabled by default on client versions of Windows
#
# If you would like to submit a bug report, please visit:
#   http://bugreport.sun.com/bugreport/crash.jsp
#

---------------  T H R E A D  ---------------

Current thread (0x00000000582a0800):  JavaThread "JDWP Transport Listener: dt_socket" daemon [_thread_in_vm, id=18228, stack(0x0000000058ee0000,0x0000000058fe0000)]

siginfo: ExceptionCode=0xc0000005, reading address 0xffffffffffffffff

Registers:
RAX=0x0000000058fdf101, RBX=0x00000000582a0800, RCX=0x01a200b92b59a100, RDX=0x0000000000000000
RSP=0x0000000058fdf190, RBP=0x01a200b92b59a100, RSI=0x0000000058fdf2a8, RDI=0x0000000001df8ea0
R8 =0x00000000582a0800, R9 =0x0000000000000700, R10=0x656765746e492f67, R11=0x0000078304e00072
R12=0x0000000000000000, R13=0x00000000570ffbf8, R14=0x0000000000000000, R15=0x0000000000000000
RIP=0x000000005fd19535, EFLAGS=0x0000000000010206

Top of Stack: (sp=0x0000000058fdf190)
0x0000000058fdf190:   00000000582a0800 00000000582a0800
0x0000000058fdf1a0:   0000000058fdf258 000000005ff1655b
0x0000000058fdf1b0:   00000000582a0800 000000005ff32dbd
0x0000000058fdf1c0:   000000000000005c 0000000073ab9149
0x0000000058fdf1d0:   000000005ad5ba38 0000000073ac2912
0x0000000058fdf1e0:   00000000582a0800 0000000000000000
0x0000000058fdf1f0:   0000000000000000 0000000000000000
0x0000000058fdf200:   01a200b92b59a100 0000000073ac1a09
0x0000000058fdf210:   0000000058fdf2a8 0000000058fdf280
0x0000000058fdf220:   0000000000000001 000000005ad5ba38
0x0000000058fdf230:   01a200b92b59a100 0000000073aa53b3
0x0000000058fdf240:   0000000058fdf370 0000000000000001
0x0000000058fdf250:   0000000000000001 000000005ad5ba38
0x0000000058fdf260:   0000000000000009 0000000000000000
0x0000000058fdf270:   0000000000000000 0000000000000000
0x0000000058fdf280:   0000000000000001 0000000073aa5571 

Instructions: (pc=0x000000005fd19535)
0x000000005fd19515:   cc cc cc cc cc cc cc cc cc cc cc 48 83 ec 28 48
0x000000005fd19525:   85 c9 75 07 33 c0 48 83 c4 28 c3 48 89 5c 24 20
0x000000005fd19535:   48 8b 19 48 85 db 74 20 48 83 fb 37 74 1a 48 8b
0x000000005fd19545:   13 48 8b cb ff 52 10 84 c0 74 0d 48 8b c3 48 8b 


Register to memory mapping:

RAX=0x0000000058fdf101 is pointing into the stack for thread: 0x00000000582a0800
RBX=0x00000000582a0800 is a thread
RCX=0x01a200b92b59a100 is an unknown value
RDX=0x0000000000000000 is an unknown value
RSP=0x0000000058fdf190 is pointing into the stack for thread: 0x00000000582a0800
RBP=0x01a200b92b59a100 is an unknown value
RSI=0x0000000058fdf2a8 is pointing into the stack for thread: 0x00000000582a0800
RDI=0x0000000001df8ea0 is an unknown value
R8 =0x00000000582a0800 is a thread
R9 =0x0000000000000700 is an unknown value
R10=0x656765746e492f67 is an unknown value
R11=0x0000078304e00072 is an unknown value
R12=0x0000000000000000 is an unknown value
R13=0x00000000570ffbf8 is an unknown value
R14=0x0000000000000000 is an unknown value
R15=0x0000000000000000 is an unknown value


Stack: [0x0000000058ee0000,0x0000000058fe0000],  sp=0x0000000058fdf190,  free space=1020k
Native frames: (J=compiled Java code, j=interpreted, Vv=VM code, C=native code)
V  [jvm.dll+0x119535]
V  [jvm.dll+0x332dbd]
C  [jdwp.dll+0x21a09]
C  [jdwp.dll+0x53b3]
C  [jdwp.dll+0x5571]
C  [jdwp.dll+0xf09c]
C  [jdwp.dll+0x1f2c9]
C  [jdwp.dll+0x1f49e]
V  [jvm.dll+0x1aaa18]
V  [jvm.dll+0x22aac4]
V  [jvm.dll+0x283f5a]
C  [msvcr100.dll+0x21d9f]
C  [msvcr100.dll+0x21e3b]
C  [kernel32.dll+0x159cd]
C  [ntdll.dll+0x2a561]


---------------  P R O C E S S  ---------------

Java Threads: ( => current thread )
  0x0000000059f19800 JavaThread "pool-2-thread-1" daemon [_thread_blocked, id=9476, stack(0x0000000059470000,0x0000000059570000)]
  0x000000005a784000 JavaThread "cluster-ClusterId{value='584577df0827490cecd45d21', description='null'}-127.0.0.1:27017" daemon [_thread_blocked, id=4656, stack(0x000000005f820000,0x000000005f920000)]
  0x00000000585e5000 JavaThread "Scheduler-1878267309" [_thread_blocked, id=16476, stack(0x0000000058c90000,0x0000000058d90000)]
  0x0000000001e3e000 JavaThread "DestroyJavaVM" [_thread_blocked, id=2712, stack(0x00000000020e0000,0x00000000021e0000)]
  0x000000005c3f8000 JavaThread "org.eclipse.jetty.server.session.HashSessionManager@2f61d591Timer" daemon [_thread_blocked, id=18004, stack(0x000000005e9e0000,0x000000005eae0000)]
  0x000000005a9e9000 JavaThread "qtp386311625-22" [_thread_blocked, id=3968, stack(0x000000005e890000,0x000000005e990000)]
  0x000000005a9e7800 JavaThread "qtp386311625-21" [_thread_in_native, id=18028, stack(0x000000005e770000,0x000000005e870000)]
  0x000000005a9e6800 JavaThread "qtp386311625-20" [_thread_blocked, id=4644, stack(0x000000005e610000,0x000000005e710000)]
  0x000000005a9e6000 JavaThread "qtp386311625-19" [_thread_in_native, id=2468, stack(0x000000005e470000,0x000000005e570000)]
  0x000000005ad46000 JavaThread "qtp386311625-18" [_thread_blocked, id=14576, stack(0x000000005e040000,0x000000005e140000)]
  0x000000005ad45000 JavaThread "qtp386311625-17" [_thread_blocked, id=16824, stack(0x000000005cb30000,0x000000005cc30000)]
  0x000000005a5a3000 JavaThread "qtp386311625-16-acceptor-0@44165747-ServerConnector@ef718de{HTTP/1.1,[http/1.1]}{0.0.0.0:8080}" [_thread_in_native, id=17288, stack(0x00000000597b0000,0x00000000598b0000)]
  0x000000005a5a2000 JavaThread "qtp386311625-15" [_thread_blocked, id=15968, stack(0x000000005b7d0000,0x000000005b8d0000)]
  0x0000000058338800 JavaThread "Service Thread" daemon [_thread_blocked, id=16948, stack(0x0000000059690000,0x0000000059790000)]
  0x00000000582c8000 JavaThread "C1 CompilerThread2" daemon [_thread_blocked, id=4608, stack(0x0000000059570000,0x0000000059670000)]
  0x00000000582c2000 JavaThread "C2 CompilerThread1" daemon [_thread_blocked, id=17492, stack(0x0000000059370000,0x0000000059470000)]
  0x00000000582b5800 JavaThread "C2 CompilerThread0" daemon [_thread_blocked, id=1824, stack(0x00000000591c0000,0x00000000592c0000)]
  0x00000000582aa800 JavaThread "JDWP Command Reader" daemon [_thread_in_native, id=17852, stack(0x0000000059010000,0x0000000059110000)]
  0x00000000582a7800 JavaThread "JDWP Event Helper Thread" daemon [_thread_blocked, id=14448, stack(0x00000000588b0000,0x00000000589b0000)]
=>0x00000000582a0800 JavaThread "JDWP Transport Listener: dt_socket" daemon [_thread_in_vm, id=18228, stack(0x0000000058ee0000,0x0000000058fe0000)]
  0x00000000570fe000 JavaThread "Attach Listener" daemon [_thread_blocked, id=16896, stack(0x00000000586b0000,0x00000000587b0000)]
  0x00000000570fb000 JavaThread "Signal Dispatcher" daemon [_thread_blocked, id=6352, stack(0x0000000058080000,0x0000000058180000)]
  0x000000005709b000 JavaThread "Finalizer" daemon [_thread_blocked, id=17196, stack(0x0000000058190000,0x0000000058290000)]
  0x0000000057091800 JavaThread "Reference Handler" daemon [_thread_blocked, id=15944, stack(0x0000000057f80000,0x0000000058080000)]

Other Threads:
  0x000000005708c000 VMThread [stack: 0x0000000057e40000,0x0000000057f40000] [id=16008]
  0x0000000058342800 WatcherThread [stack: 0x00000000598b0000,0x00000000599b0000] [id=16760]

VM state:not at safepoint (normal execution)

VM Mutex/Monitor currently owned by a thread: None

Heap:
 PSYoungGen      total 219136K, used 19944K [0x00000000d7180000, 0x00000000e5b80000, 0x0000000100000000)
  eden space 207360K, 9% used [0x00000000d7180000,0x00000000d84fa250,0x00000000e3c00000)
  from space 11776K, 0% used [0x00000000e5000000,0x00000000e5000000,0x00000000e5b80000)
  to   space 13824K, 0% used [0x00000000e4080000,0x00000000e4080000,0x00000000e4e00000)
 ParOldGen       total 75264K, used 18742K [0x0000000085400000, 0x0000000089d80000, 0x00000000d7180000)
  object space 75264K, 24% used [0x0000000085400000,0x000000008664d818,0x0000000089d80000)
 Metaspace       used 35969K, capacity 36302K, committed 36648K, reserved 1081344K
  class space    used 4546K, capacity 4641K, committed 4736K, reserved 1048576K

Card table byte_map: [0x0000000011870000,0x0000000011c50000] byte_map_base: 0x0000000011446000

Marking Bits: (ParMarkBitMap*) 0x00000000603db460
 Begin Bits: [0x00000000125c0000, 0x0000000014470000)
 End Bits:   [0x0000000014470000, 0x0000000016320000)

Polling page: 0x0000000000200000

CodeCache: size=245760Kb used=12091Kb max_used=13131Kb free=233668Kb
 bounds [0x00000000024b0000, 0x00000000031d0000, 0x00000000114b0000]
 total_blobs=3626 nmethods=3157 adapters=390
 compilation: enabled

Compilation events (10 events):
Event: 124.018 Thread 0x00000000582c8000 3676       3       java.util.concurrent.TimeUnit$1::toNanos (2 bytes)
Event: 124.018 Thread 0x00000000582c8000 nmethod 3676 0x0000000002ae56d0 code [0x0000000002ae5820, 0x0000000002ae5970]
Event: 125.828 Thread 0x00000000582c8000 3677       3       java.util.concurrent.ScheduledThreadPoolExecutor::now (4 bytes)
Event: 125.828 Thread 0x00000000582c8000 nmethod 3677 0x0000000002c55dd0 code [0x0000000002c55f20, 0x0000000002c56090]
Event: 128.827 Thread 0x00000000582c8000 3678       3       java.util.concurrent.ThreadPoolExecutor::workerCountOf (5 bytes)
Event: 128.827 Thread 0x00000000582c8000 nmethod 3678 0x0000000002e3c910 code [0x0000000002e3ca60, 0x0000000002e3cb90]
Event: 129.827 Thread 0x00000000582c8000 3679       1       java.util.concurrent.ThreadPoolExecutor::getQueue (5 bytes)
Event: 129.827 Thread 0x00000000582c8000 nmethod 3679 0x000000000279f910 code [0x000000000279fa60, 0x000000000279fb70]
Event: 130.826 Thread 0x00000000582c8000 3680       3       java.util.concurrent.ScheduledThreadPoolExecutor$DelayedWorkQueue::setIndex (16 bytes)
Event: 130.827 Thread 0x00000000582c8000 nmethod 3680 0x000000000261e610 code [0x000000000261e780, 0x000000000261eaf0]

GC Heap History (10 events):
Event: 3.721 GC heap before
{Heap before GC invocations=6 (full 0):
 PSYoungGen      total 68608K, used 14498K [0x00000000d7180000, 0x00000000e0280000, 0x0000000100000000)
  eden space 63488K, 14% used [0x00000000d7180000,0x00000000d7aaea08,0x00000000daf80000)
  from space 5120K, 99% used [0x00000000daf80000,0x00000000db479ec8,0x00000000db480000)
  to   space 10752K, 0% used [0x00000000df800000,0x00000000df800000,0x00000000e0280000)
 ParOldGen       total 84992K, used 12899K [0x0000000085400000, 0x000000008a700000, 0x00000000d7180000)
  object space 84992K, 15% used [0x0000000085400000,0x0000000086098f60,0x000000008a700000)
 Metaspace       used 20922K, capacity 21102K, committed 21296K, reserved 1069056K
  class space    used 2557K, capacity 2616K, committed 2688K, reserved 1048576K
Event: 3.862 GC heap after
Heap after GC invocations=6 (full 0):
 PSYoungGen      total 137728K, used 6007K [0x00000000d7180000, 0x00000000e0280000, 0x0000000100000000)
  eden space 126976K, 0% used [0x00000000d7180000,0x00000000d7180000,0x00000000ded80000)
  from space 10752K, 55% used [0x00000000df800000,0x00000000dfdddeb0,0x00000000e0280000)
  to   space 10752K, 0% used [0x00000000ded80000,0x00000000ded80000,0x00000000df800000)
 ParOldGen       total 84992K, used 12899K [0x0000000085400000, 0x000000008a700000, 0x00000000d7180000)
  object space 84992K, 15% used [0x0000000085400000,0x0000000086098f60,0x000000008a700000)
 Metaspace       used 20922K, capacity 21102K, committed 21296K, reserved 1069056K
  class space    used 2557K, capacity 2616K, committed 2688K, reserved 1048576K
}
Event: 3.862 GC heap before
{Heap before GC invocations=7 (full 1):
 PSYoungGen      total 137728K, used 6007K [0x00000000d7180000, 0x00000000e0280000, 0x0000000100000000)
  eden space 126976K, 0% used [0x00000000d7180000,0x00000000d7180000,0x00000000ded80000)
  from space 10752K, 55% used [0x00000000df800000,0x00000000dfdddeb0,0x00000000e0280000)
  to   space 10752K, 0% used [0x00000000ded80000,0x00000000ded80000,0x00000000df800000)
 ParOldGen       total 84992K, used 12899K [0x0000000085400000, 0x000000008a700000, 0x00000000d7180000)
  object space 84992K, 15% used [0x0000000085400000,0x0000000086098f60,0x000000008a700000)
 Metaspace       used 20922K, capacity 21102K, committed 21296K, reserved 1069056K
  class space    used 2557K, capacity 2616K, committed 2688K, reserved 1048576K
Event: 4.004 GC heap after
Heap after GC invocations=7 (full 1):
 PSYoungGen      total 137728K, used 0K [0x00000000d7180000, 0x00000000e0280000, 0x0000000100000000)
  eden space 126976K, 0% used [0x00000000d7180000,0x00000000d7180000,0x00000000ded80000)
  from space 10752K, 0% used [0x00000000df800000,0x00000000df800000,0x00000000e0280000)
  to   space 10752K, 0% used [0x00000000ded80000,0x00000000ded80000,0x00000000df800000)
 ParOldGen       total 56320K, used 10640K [0x0000000085400000, 0x0000000088b00000, 0x00000000d7180000)
  object space 56320K, 18% used [0x0000000085400000,0x0000000085e64368,0x0000000088b00000)
 Metaspace       used 20921K, capacity 21100K, committed 21296K, reserved 1069056K
  class space    used 2556K, capacity 2615K, committed 2688K, reserved 1048576K
}
Event: 6.569 GC heap before
{Heap before GC invocations=8 (full 1):
 PSYoungGen      total 137728K, used 126976K [0x00000000d7180000, 0x00000000e0280000, 0x0000000100000000)
  eden space 126976K, 100% used [0x00000000d7180000,0x00000000ded80000,0x00000000ded80000)
  from space 10752K, 0% used [0x00000000df800000,0x00000000df800000,0x00000000e0280000)
  to   space 10752K, 0% used [0x00000000ded80000,0x00000000ded80000,0x00000000df800000)
 ParOldGen       total 56320K, used 10640K [0x0000000085400000, 0x0000000088b00000, 0x00000000d7180000)
  object space 56320K, 18% used [0x0000000085400000,0x0000000085e64368,0x0000000088b00000)
 Metaspace       used 28695K, capacity 29080K, committed 29312K, reserved 1075200K
  class space    used 3546K, capacity 3624K, committed 3712K, reserved 1048576K
Event: 6.644 GC heap after
Heap after GC invocations=8 (full 1):
 PSYoungGen      total 137728K, used 10732K [0x00000000d7180000, 0x00000000e5c80000, 0x0000000100000000)
  eden space 126976K, 0% used [0x00000000d7180000,0x00000000d7180000,0x00000000ded80000)
  from space 10752K, 99% used [0x00000000ded80000,0x00000000df7fb220,0x00000000df800000)
  to   space 12800K, 0% used [0x00000000e5000000,0x00000000e5000000,0x00000000e5c80000)
 ParOldGen       total 56320K, used 12106K [0x0000000085400000, 0x0000000088b00000, 0x00000000d7180000)
  object space 56320K, 21% used [0x0000000085400000,0x0000000085fd2a68,0x0000000088b00000)
 Metaspace       used 28695K, capacity 29080K, committed 29312K, reserved 1075200K
  class space    used 3546K, capacity 3624K, committed 3712K, reserved 1048576K
}
Event: 14.150 GC heap before
{Heap before GC invocations=9 (full 1):
 PSYoungGen      total 137728K, used 71538K [0x00000000d7180000, 0x00000000e5c80000, 0x0000000100000000)
  eden space 126976K, 47% used [0x00000000d7180000,0x00000000dace18d0,0x00000000ded80000)
  from space 10752K, 99% used [0x00000000ded80000,0x00000000df7fb220,0x00000000df800000)
  to   space 12800K, 0% used [0x00000000e5000000,0x00000000e5000000,0x00000000e5c80000)
 ParOldGen       total 56320K, used 12106K [0x0000000085400000, 0x0000000088b00000, 0x00000000d7180000)
  object space 56320K, 21% used [0x0000000085400000,0x0000000085fd2a68,0x0000000088b00000)
 Metaspace       used 34936K, capacity 35228K, committed 35496K, reserved 1081344K
  class space    used 4422K, capacity 4496K, committed 4608K, reserved 1048576K
Event: 14.185 GC heap after
Heap after GC invocations=9 (full 1):
 PSYoungGen      total 219136K, used 11380K [0x00000000d7180000, 0x00000000e5b80000, 0x0000000100000000)
  eden space 207360K, 0% used [0x00000000d7180000,0x00000000d7180000,0x00000000e3c00000)
  from space 11776K, 96% used [0x00000000e5000000,0x00000000e5b1d258,0x00000000e5b80000)
  to   space 13824K, 0% used [0x00000000e4080000,0x00000000e4080000,0x00000000e4e00000)
 ParOldGen       total 56320K, used 12114K [0x0000000085400000, 0x0000000088b00000, 0x00000000d7180000)
  object space 56320K, 21% used [0x0000000085400000,0x0000000085fd4a68,0x0000000088b00000)
 Metaspace       used 34936K, capacity 35228K, committed 35496K, reserved 1081344K
  class space    used 4422K, capacity 4496K, committed 4608K, reserved 1048576K
}
Event: 14.185 GC heap before
{Heap before GC invocations=10 (full 2):
 PSYoungGen      total 219136K, used 11380K [0x00000000d7180000, 0x00000000e5b80000, 0x0000000100000000)
  eden space 207360K, 0% used [0x00000000d7180000,0x00000000d7180000,0x00000000e3c00000)
  from space 11776K, 96% used [0x00000000e5000000,0x00000000e5b1d258,0x00000000e5b80000)
  to   space 13824K, 0% used [0x00000000e4080000,0x00000000e4080000,0x00000000e4e00000)
 ParOldGen       total 56320K, used 12114K [0x0000000085400000, 0x0000000088b00000, 0x00000000d7180000)
  object space 56320K, 21% used [0x0000000085400000,0x0000000085fd4a68,0x0000000088b00000)
 Metaspace       used 34936K, capacity 35228K, committed 35496K, reserved 1081344K
  class space    used 4422K, capacity 4496K, committed 4608K, reserved 1048576K
Event: 14.300 GC heap after
Heap after GC invocations=10 (full 2):
 PSYoungGen      total 219136K, used 0K [0x00000000d7180000, 0x00000000e5b80000, 0x0000000100000000)
  eden space 207360K, 0% used [0x00000000d7180000,0x00000000d7180000,0x00000000e3c00000)
  from space 11776K, 0% used [0x00000000e5000000,0x00000000e5000000,0x00000000e5b80000)
  to   space 13824K, 0% used [0x00000000e4080000,0x00000000e4080000,0x00000000e4e00000)
 ParOldGen       total 75264K, used 18742K [0x0000000085400000, 0x0000000089d80000, 0x00000000d7180000)
  object space 75264K, 24% used [0x0000000085400000,0x000000008664d818,0x0000000089d80000)
 Metaspace       used 34936K, capacity 35228K, committed 35496K, reserved 1081344K
  class space    used 4422K, capacity 4496K, committed 4608K, reserved 1048576K
}

Deoptimization events (10 events):
Event: 14.382 Thread 0x000000005a5a2000 Uncommon trap: reason=bimorphic action=maybe_recompile pc=0x0000000002676234 method=java.util.concurrent.ConcurrentHashMap.putVal(Ljava/lang/Object;Ljava/lang/Object;Z)Ljava/lang/Object; @ 192
Event: 14.382 Thread 0x000000005a5a2000 Uncommon trap: reason=bimorphic action=maybe_recompile pc=0x0000000002676234 method=java.util.concurrent.ConcurrentHashMap.putVal(Ljava/lang/Object;Ljava/lang/Object;Z)Ljava/lang/Object; @ 192
Event: 14.382 Thread 0x000000005a5a2000 Uncommon trap: reason=bimorphic action=maybe_recompile pc=0x0000000002676234 method=java.util.concurrent.ConcurrentHashMap.putVal(Ljava/lang/Object;Ljava/lang/Object;Z)Ljava/lang/Object; @ 192
Event: 14.382 Thread 0x000000005a5a2000 Uncommon trap: reason=bimorphic action=maybe_recompile pc=0x0000000002676234 method=java.util.concurrent.ConcurrentHashMap.putVal(Ljava/lang/Object;Ljava/lang/Object;Z)Ljava/lang/Object; @ 192
Event: 14.405 Thread 0x000000005a5a2000 Uncommon trap: reason=range_check action=none pc=0x00000000026c02cc method=sun.reflect.generics.parser.SignatureParser.current()C @ 34
Event: 14.405 Thread 0x000000005a5a2000 Uncommon trap: reason=range_check action=none pc=0x00000000026c02cc method=sun.reflect.generics.parser.SignatureParser.current()C @ 34
Event: 14.438 Thread 0x000000005a5a2000 Uncommon trap: reason=range_check action=none pc=0x00000000026c02cc method=sun.reflect.generics.parser.SignatureParser.current()C @ 34
Event: 14.447 Thread 0x000000005a5a2000 Uncommon trap: reason=range_check action=none pc=0x00000000026c02cc method=sun.reflect.generics.parser.SignatureParser.current()C @ 34
Event: 60.092 Thread 0x000000005ad46000 Uncommon trap: reason=bimorphic action=maybe_recompile pc=0x000000000300a8a0 method=java.util.AbstractList$Itr.next()Ljava/lang/Object; @ 14
Event: 60.132 Thread 0x000000005ad46000 Uncommon trap: reason=bimorphic action=maybe_recompile pc=0x000000000300a8a0 method=java.util.AbstractList$Itr.next()Ljava/lang/Object; @ 14

Internal exceptions (10 events):
Event: 14.454 Thread 0x000000005a5a2000 Exception <a 'java/security/PrivilegedActionException'> (0x00000000d76a4108) thrown at [D:\re\workspace\8-2-build-windows-amd64-cygwin\jdk8u20\1074\hotspot\src\share\vm\prims\jvm.cpp, line 1275]
Event: 14.455 Thread 0x000000005a5a2000 Exception <a 'java/security/PrivilegedActionException'> (0x00000000d76ab2e0) thrown at [D:\re\workspace\8-2-build-windows-amd64-cygwin\jdk8u20\1074\hotspot\src\share\vm\prims\jvm.cpp, line 1275]
Event: 14.455 Thread 0x000000005a5a2000 Exception <a 'java/security/PrivilegedActionException'> (0x00000000d76b2f88) thrown at [D:\re\workspace\8-2-build-windows-amd64-cygwin\jdk8u20\1074\hotspot\src\share\vm\prims\jvm.cpp, line 1275]
Event: 14.456 Thread 0x000000005a5a2000 Exception <a 'java/security/PrivilegedActionException'> (0x00000000d76bb400) thrown at [D:\re\workspace\8-2-build-windows-amd64-cygwin\jdk8u20\1074\hotspot\src\share\vm\prims\jvm.cpp, line 1275]
Event: 14.456 Thread 0x000000005a5a2000 Exception <a 'java/security/PrivilegedActionException'> (0x00000000d76c3908) thrown at [D:\re\workspace\8-2-build-windows-amd64-cygwin\jdk8u20\1074\hotspot\src\share\vm\prims\jvm.cpp, line 1275]
Event: 14.457 Thread 0x000000005a5a2000 Exception <a 'java/security/PrivilegedActionException'> (0x00000000d76cbb08) thrown at [D:\re\workspace\8-2-build-windows-amd64-cygwin\jdk8u20\1074\hotspot\src\share\vm\prims\jvm.cpp, line 1275]
Event: 14.458 Thread 0x000000005a5a2000 Exception <a 'java/security/PrivilegedActionException'> (0x00000000d76d5428) thrown at [D:\re\workspace\8-2-build-windows-amd64-cygwin\jdk8u20\1074\hotspot\src\share\vm\prims\jvm.cpp, line 1275]
Event: 14.462 Thread 0x000000005a5a2000 Exception <a 'java/security/PrivilegedActionException'> (0x00000000d76df1b8) thrown at [D:\re\workspace\8-2-build-windows-amd64-cygwin\jdk8u20\1074\hotspot\src\share\vm\prims\jvm.cpp, line 1275]
Event: 44.462 Thread 0x00000000585e5000 Exception <a 'java/security/PrivilegedActionException'> (0x00000000d7ee6e50) thrown at [D:\re\workspace\8-2-build-windows-amd64-cygwin\jdk8u20\1074\hotspot\src\share\vm\prims\jvm.cpp, line 1275]
Event: 60.086 Thread 0x000000005a9e6000 Exception <a 'java/security/PrivilegedActionException'> (0x00000000d77d0120) thrown at [D:\re\workspace\8-2-build-windows-amd64-cygwin\jdk8u20\1074\hotspot\src\share\vm\prims\jvm.cpp, line 1275]

Events (10 events):
Event: 60.127 Thread 0x00000000582c8000 flushing nmethod 0x000000000302ead0
Event: 60.132 Thread 0x000000005ad46000 Uncommon trap: trap_request=0xffffffc6 fr.pc=0x000000000300a8a0
Event: 60.132 Thread 0x000000005ad46000 DEOPT PACKING pc=0x000000000300a8a0 sp=0x000000005e13d360
Event: 60.132 Thread 0x000000005ad46000 DEOPT UNPACKING pc=0x00000000024f556a sp=0x000000005e13d300 mode 2
Event: 60.132 Executing VM operation: RevokeBias
Event: 60.132 Executing VM operation: RevokeBias done
Event: 60.132 Executing VM operation: RevokeBias
Event: 60.132 Executing VM operation: RevokeBias done
Event: 131.283 Executing VM operation: RedefineClasses
Event: 131.314 Executing VM operation: RedefineClasses done


Dynamic libraries:
0x000000013f0b0000 - 0x000000013f0e4000 	D:\Home\Apps\Java\jdk-1.8-64\bin\javaw.exe
0x0000000077730000 - 0x00000000778da000 	C:\WINDOWS\SYSTEM32\ntdll.dll
0x0000000077610000 - 0x000000007772f000 	C:\WINDOWS\system32\kernel32.dll
0x000007fefd5c0000 - 0x000007fefd62a000 	C:\WINDOWS\system32\KERNELBASE.dll
0x000007feff850000 - 0x000007feff92b000 	C:\WINDOWS\system32\ADVAPI32.dll
0x000007fefefa0000 - 0x000007feff03f000 	C:\WINDOWS\system32\msvcrt.dll
0x000007feff380000 - 0x000007feff39f000 	C:\WINDOWS\SYSTEM32\sechost.dll
0x000007feff250000 - 0x000007feff37d000 	C:\WINDOWS\system32\RPCRT4.dll
0x0000000077510000 - 0x000000007760a000 	C:\WINDOWS\system32\USER32.dll
0x000007fefdab0000 - 0x000007fefdb17000 	C:\WINDOWS\system32\GDI32.dll
0x000007feff7e0000 - 0x000007feff7ee000 	C:\WINDOWS\system32\LPK.dll
0x000007fefd9e0000 - 0x000007fefdaaa000 	C:\WINDOWS\system32\USP10.dll
0x000007fefb7c0000 - 0x000007fefb9b4000 	C:\WINDOWS\WinSxS\amd64_microsoft.windows.common-controls_6595b64144ccf1df_6.0.7601.18837_none_fa3b1e3d17594757\COMCTL32.dll
0x000007feff410000 - 0x000007feff481000 	C:\WINDOWS\system32\SHLWAPI.dll
0x000007fefd820000 - 0x000007fefd84e000 	C:\WINDOWS\system32\IMM32.DLL
0x000007feff930000 - 0x000007feffa39000 	C:\WINDOWS\system32\MSCTF.dll
0x00000000720e0000 - 0x00000000721b2000 	D:\Home\Apps\Java\jdk-1.8-64\jre\bin\msvcr100.dll
0x000000005fc00000 - 0x0000000060458000 	D:\Home\Apps\Java\jdk-1.8-64\jre\bin\server\jvm.dll
0x000007fef84d0000 - 0x000007fef84d9000 	C:\WINDOWS\system32\WSOCK32.dll
0x000007feff3a0000 - 0x000007feff3ed000 	C:\WINDOWS\system32\WS2_32.dll
0x000007fefd9d0000 - 0x000007fefd9d8000 	C:\WINDOWS\system32\NSI.dll
0x000007fefad80000 - 0x000007fefadbb000 	C:\WINDOWS\system32\WINMM.dll
0x0000000077900000 - 0x0000000077907000 	C:\WINDOWS\system32\PSAPI.DLL
0x0000000064be0000 - 0x0000000064bef000 	D:\Home\Apps\Java\jdk-1.8-64\jre\bin\verify.dll
0x0000000064bb0000 - 0x0000000064bd8000 	D:\Home\Apps\Java\jdk-1.8-64\jre\bin\java.dll
0x0000000073aa0000 - 0x0000000073ad5000 	D:\Home\Apps\Java\jdk-1.8-64\jre\bin\jdwp.dll
0x0000000073bf0000 - 0x0000000073bf8000 	D:\Home\Apps\Java\jdk-1.8-64\jre\bin\npt.dll
0x0000000064a00000 - 0x0000000064a16000 	D:\Home\Apps\Java\jdk-1.8-64\jre\bin\zip.dll
0x000007fefe210000 - 0x000007fefef9a000 	C:\WINDOWS\system32\SHELL32.dll
0x000007feff040000 - 0x000007feff243000 	C:\WINDOWS\system32\ole32.dll
0x000007fefd460000 - 0x000007fefd46f000 	C:\WINDOWS\system32\profapi.dll
0x0000000073bc0000 - 0x0000000073bc9000 	D:\Home\Apps\Java\jdk-1.8-64\jre\bin\dt_socket.dll
0x000007fefad60000 - 0x000007fefad75000 	C:\WINDOWS\system32\NLAapi.dll
0x000007fef9380000 - 0x000007fef9395000 	C:\WINDOWS\system32\napinsp.dll
0x000007fef93a0000 - 0x000007fef93b9000 	C:\WINDOWS\system32\pnrpnsp.dll
0x000007fefc7e0000 - 0x000007fefc835000 	C:\WINDOWS\System32\mswsock.dll
0x000007fefc380000 - 0x000007fefc3db000 	C:\WINDOWS\system32\DNSAPI.dll
0x000007fef9360000 - 0x000007fef936b000 	C:\WINDOWS\System32\winrnr.dll
0x000007fefa5b0000 - 0x000007fefa5d7000 	C:\WINDOWS\system32\IPHLPAPI.DLL
0x000007fefa5a0000 - 0x000007fefa5ab000 	C:\WINDOWS\system32\WINNSI.DLL
0x000007fef9ee0000 - 0x000007fef9f33000 	C:\WINDOWS\System32\fwpuclnt.dll
0x000007fef9370000 - 0x000007fef9378000 	C:\WINDOWS\system32\rasadhlp.dll
0x000007fefbf50000 - 0x000007fefbf57000 	C:\WINDOWS\System32\wshtcpip.dll
0x0000000073a90000 - 0x0000000073a9d000 	D:\Home\Apps\Java\jdk-1.8-64\jre\bin\management.dll
0x00000000649e0000 - 0x00000000649fa000 	D:\Home\Apps\Java\jdk-1.8-64\jre\bin\net.dll
0x000007fefc7d0000 - 0x000007fefc7d7000 	C:\WINDOWS\System32\wship6.dll
0x000007fef9c80000 - 0x000007fef9c91000 	C:\WINDOWS\system32\dhcpcsvc6.DLL
0x000007fef9c60000 - 0x000007fef9c78000 	C:\WINDOWS\system32\dhcpcsvc.DLL
0x000007fefc840000 - 0x000007fefc858000 	C:\WINDOWS\system32\CRYPTSP.dll
0x000007fefc290000 - 0x000007fefc2d7000 	C:\WINDOWS\system32\rsaenh.dll
0x000007fefd5a0000 - 0x000007fefd5be000 	C:\WINDOWS\system32\USERENV.dll
0x000007fefd300000 - 0x000007fefd30f000 	C:\WINDOWS\system32\CRYPTBASE.dll
0x0000000061cf0000 - 0x0000000061d01000 	D:\Home\Apps\Java\jdk-1.8-64\jre\bin\nio.dll
0x000000006fd10000 - 0x000000006fd34000 	D:\Home\Apps\Java\jdk-1.8-64\jre\bin\sunec.dll
0x000007fef8990000 - 0x000007fef8ab5000 	C:\WINDOWS\system32\dbghelp.dll

VM Arguments:
jvm_args: -agentlib:jdwp=transport=dt_socket,suspend=y,address=localhost:63882 -Dfile.encoding=Cp1252 
java_command: services.Application
java_class_path (initial): D:\Home\mpiccoli\Dev\Workspace\Workspace-Eclipse-Neon-MyCareer-BackEnd\mycareer-rest-api\bin;D:\Profiles\mpiccoli\.gradle\caches\modules-2\files-2.1\org.springframework.boot\spring-boot-starter-web\1.4.1.RELEASE\6af87c0c2dd9d82d21cd6061d5c168ef0e07f130\spring-boot-starter-web-1.4.1.RELEASE.jar;D:\Profiles\mpiccoli\.gradle\caches\modules-2\files-2.1\org.springframework.boot\spring-boot-starter-jetty\1.4.1.RELEASE\2e041740bd053f4cb7a3eb78c32741e8f069832e\spring-boot-starter-jetty-1.4.1.RELEASE.jar;D:\Profiles\mpiccoli\.gradle\caches\modules-2\files-2.1\com.google.code.gson\gson\2.7\751f548c85fa49f330cecbb1875893f971b33c4e\gson-2.7.jar;D:\Profiles\mpiccoli\.gradle\caches\modules-2\files-2.1\org.mongodb.morphia\morphia\1.2.1\3893686aa70399924dd0e50211667e270798143e\morphia-1.2.1.jar;D:\Profiles\mpiccoli\.gradle\caches\modules-2\files-2.1\javax.mail\mail\1.5.0-b01\c128515e42609622ce3f7dc0b431026d80bdb688\mail-1.5.0-b01.jar;D:\Profiles\mpiccoli\.gradle\caches\modules-2\files-2.1\com.microsoft.ews-java-api\ews-java-api\2.0\6f76a4ad706b5aa6534a48ea098b257de6b47627\ews-java-api-2.0.jar;D:\Profiles\mpiccoli\.gradle\caches\modules-2\files-2.1\org.jsoup\jsoup\1.7.2\d7e275ba05aa380ca254f72d0c0ffebaedc3adcf\jsoup-1.7.2.jar;D:\Profiles\mpiccoli\.gradle\caches\modules-2\files-2.1\org.apache.logging.log4j\log4j-api\2.7\8de00e382a817981b737be84cb8def687d392963\log4j-api-2.7.jar;D:\Profiles\mpiccoli\.gradle\caches\modules-2\files-2.1\junit\junit\4.12\2973d150c0dc1fefe998f834810d68f278ea58ec\junit-4.12.jar;D:\Profiles\mpiccoli\.gradle\caches\modules-2\files-2.1\org.springframework.boot\spring-boot-starter\1.4.1.RELEASE\cfdfe0e4903dd398d15ae9a4aab4cc47d91d379f\spring-boot-starter-1.4.1.RELEASE.jar;D:\Profiles\mpiccoli\.gradle\caches\modules-2\files-2.1\org.hibernate\hibernate-validator\5.2.4.Final\fb18766b576aa6632bcfe9a20a023cbd52bf9769\hibernate-validator-5.2.4.Final.jar;D:\Profiles\mpiccoli\.gradle\caches\modules-2\files-2.1\com.fasterxml.jackson.core\jac
Launcher Type: SUN_STANDARD

Environment Variables:
JAVA_HOME=D:\Home\Apps\Java\jdk-1.8-64
PATH=D:\Home\Apps\Java\jdk-1.8-64\jre\bin;D:/Home/Apps/Java/jdk-1.8-64/bin/../jre/bin/server;D:/Home/Apps/Java/jdk-1.8-64/bin/../jre/bin;D:/Home/Apps/Java/jdk-1.8-64/bin/../jre/lib/amd64;C:\WINDOWS\system32;C:\WINDOWS;C:\WINDOWS\System32\Wbem;C:\WINDOWS\System32\WindowsPowerShell\v1.0\;C:\Program Files (x86)\Common Files\Check Point\UIFramework 3.0\Bin\;C:\Program Files (x86)\CheckPoint\Endpoint Security\Endpoint Common\bin;D:\Home\Apps\Java\jdk-1.8-64\bin;D:\Home\Apps\Putty\;D:\Home\Apps\Git\cmd;D:\Home\Apps\Gradle\gradle-3.1\bin;D:\Home\Apps\Apache\Maven\maven-3.3.9\bin;D:\Home\mpiccoli\Commands;D:\Home\Apps\MongoDB\3.2\bin;d:\Profiles\mpiccoli\AppData\Local\atom\bin;D:\Home\mpiccoli\Commands;d:\Profiles\mpiccoli\Desktop;
USERNAME=mpiccoli
OS=Windows_NT
PROCESSOR_IDENTIFIER=Intel64 Family 6 Model 78 Stepping 3, GenuineIntel



---------------  S Y S T E M  ---------------

OS: Windows 7 , 64 bit Build 7601 Service Pack 1

CPU:total 4 (2 cores per cpu, 2 threads per core) family 6 model 78 stepping 3, cmov, cx8, fxsr, mmx, sse, sse2, sse3, ssse3, sse4.1, sse4.2, popcnt, avx, avx2, aes, clmul, erms, rtm, lzcnt, ht, tsc, tscinvbit, bmi1, bmi2

Memory: 4k page, physical 8036904k(2155516k free), swap 16071948k(8119892k free)

vm_info: Java HotSpot(TM) 64-Bit Server VM (25.20-b23) for windows-amd64 JRE (1.8.0_20-b26), built on Jul 30 2014 13:51:23 by "java_re" with MS VC++ 10.0 (VS2010)

time: Mon Dec 05 14:23:16 2016
elapsed time: 131 seconds (0d 0h 2m 11s)

